<?xml version="1.0" encoding="UTF-8"?>
<!-- Generated by org.testng.reporters.JUnitReportReporter -->
<testsuite hostname="LAPTOP-GM5SKAA4" failures="0" tests="1" name="lambdaDemo.LaunchBrowser" time="1.892" errors="0" timestamp="10 Aug 2022 14:17:28 GMT" skipped="0">
  <testcase classname="lambdaDemo.LaunchBrowser" name="testGoogle" time="1.892"/>
</testsuite> <!-- lambdaDemo.LaunchBrowser -->
